# JRE version: OpenJDK Runtime Environment Corretto-16.0.2.7.1 (16.0.2+7) (build 16.0.2+7)
# Java VM: OpenJDK 64-Bit Server VM Corretto-16.0.2.7.1 (16.0.2+7, mixed mode, sharing, tiered, compressed oops, compressed class ptrs, g1 gc, windows-amd64)
GC Precious Log:
 CPUs: 4 total, 4 available
 Memory: 11537M
 Large Page Support: Disabled
 NUMA Support: Disabled
 Compressed Oops: Enabled (32-bit)
 Heap Region Size: 1M
 Heap Min Capacity: 8M
 Heap Initial Capacity: 182M
 Heap Max Capacity: 2G
 Pre-touch: Disabled
 Parallel Workers: 4
 Concurrent Workers: 1
 Concurrent Refinement Workers: 4
 Periodic GC: Disabled
Heap:
 garbage-first heap   total 366592K, used 200982K [0x0000000080000000, 0x0000000100000000)
  region size 1024K, 5 young (5120K), 3 survivors (3072K)
 Metaspace       used 129407K, committed 130368K, reserved 1163264K
  class space    used 16544K, committed 17024K, reserved 1048576K
GC Heap History (20 events):
Event: 112.248 GC heap before
{Heap before GC invocations=56 (full 0):
 garbage-first heap   total 285696K, used 220602K [0x0000000080000000, 0x0000000100000000)
  region size 1024K, 74 young (75776K), 8 survivors (8192K)
 Metaspace       used 114094K, committed 114816K, reserved 1155072K
  class space    used 14512K, committed 14848K, reserved 1048576K
}
Event: 112.275 GC heap after
{Heap after GC invocations=57 (full 0):
 garbage-first heap   total 285696K, used 158720K [0x0000000080000000, 0x0000000100000000)
  region size 1024K, 10 young (10240K), 10 survivors (10240K)
 Metaspace       used 114094K, committed 114816K, reserved 1155072K
  class space    used 14512K, committed 14848K, reserved 1048576K
}
Event: 112.313 GC heap before
{Heap before GC invocations=57 (full 0):
 garbage-first heap   total 285696K, used 160768K [0x0000000080000000, 0x0000000100000000)
  region size 1024K, 13 young (13312K), 10 survivors (10240K)
 Metaspace       used 114343K, committed 115136K, reserved 1155072K
  class space    used 14537K, committed 14912K, reserved 1048576K
}
Event: 112.362 GC heap after
{Heap after GC invocations=58 (full 0):
 garbage-first heap   total 285696K, used 146662K [0x0000000080000000, 0x0000000100000000)
  region size 1024K, 2 young (2048K), 2 survivors (2048K)
 Metaspace       used 114343K, committed 115136K, reserved 1155072K
  class space    used 14537K, committed 14912K, reserved 1048576K
}
Event: 113.662 GC heap before
{Heap before GC invocations=58 (full 0):
 garbage-first heap   total 285696K, used 222438K [0x0000000080000000, 0x0000000100000000)
  region size 1024K, 77 young (78848K), 2 survivors (2048K)
 Metaspace       used 120503K, committed 121280K, reserved 1155072K
  class space    used 15480K, committed 15872K, reserved 1048576K
}
Event: 113.689 GC heap after
{Heap after GC invocations=59 (full 0):
 garbage-first heap   total 285696K, used 150835K [0x0000000080000000, 0x0000000100000000)
  region size 1024K, 6 young (6144K), 6 survivors (6144K)
 Metaspace       used 120503K, committed 121280K, reserved 1155072K
  class space    used 15480K, committed 15872K, reserved 1048576K
}
Event: 114.671 GC heap before
{Heap before GC invocations=60 (full 0):
 garbage-first heap   total 286720K, used 188723K [0x0000000080000000, 0x0000000100000000)
  region size 1024K, 43 young (44032K), 6 survivors (6144K)
 Metaspace       used 121175K, committed 121984K, reserved 1163264K
  class space    used 15487K, committed 15872K, reserved 1048576K
}
Event: 114.685 GC heap after
{Heap after GC invocations=61 (full 0):
 garbage-first heap   total 286720K, used 151379K [0x0000000080000000, 0x0000000100000000)
  region size 1024K, 6 young (6144K), 6 survivors (6144K)
 Metaspace       used 121175K, committed 121984K, reserved 1163264K
  class space    used 15487K, committed 15872K, reserved 1048576K
}
Event: 117.047 GC heap before
{Heap before GC invocations=62 (full 0):
 garbage-first heap   total 286720K, used 239443K [0x0000000080000000, 0x0000000100000000)
  region size 1024K, 84 young (86016K), 6 survivors (6144K)
 Metaspace       used 124199K, committed 125056K, reserved 1163264K
  class space    used 15939K, committed 16384K, reserved 1048576K
}
Event: 117.064 GC heap after
{Heap after GC invocations=63 (full 0):
 garbage-first heap   total 286720K, used 151826K [0x0000000080000000, 0x0000000100000000)
  region size 1024K, 6 young (6144K), 6 survivors (6144K)
 Metaspace       used 124199K, committed 125056K, reserved 1163264K
  class space    used 15939K, committed 16384K, reserved 1048576K
}
Event: 159.346 GC heap before
{Heap before GC invocations=63 (full 0):
 garbage-first heap   total 286720K, used 225554K [0x0000000080000000, 0x0000000100000000)
  region size 1024K, 14 young (14336K), 6 survivors (6144K)
 Metaspace       used 125085K, committed 125888K, reserved 1163264K
  class space    used 16065K, committed 16448K, reserved 1048576K
}
Event: 159.397 GC heap after
{Heap after GC invocations=64 (full 0):
 garbage-first heap   total 344064K, used 135259K [0x0000000080000000, 0x0000000100000000)
  region size 1024K, 1 young (1024K), 1 survivors (1024K)
 Metaspace       used 125085K, committed 125888K, reserved 1163264K
  class space    used 16065K, committed 16448K, reserved 1048576K
}
Event: 518.320 GC heap before
{Heap before GC invocations=64 (full 0):
 garbage-first heap   total 344064K, used 267355K [0x0000000080000000, 0x0000000100000000)
  region size 1024K, 131 young (134144K), 1 survivors (1024K)
 Metaspace       used 126169K, committed 126976K, reserved 1163264K
  class space    used 16112K, committed 16512K, reserved 1048576K
}
Event: 518.344 GC heap after
{Heap after GC invocations=65 (full 0):
 garbage-first heap   total 344064K, used 143773K [0x0000000080000000, 0x0000000100000000)
  region size 1024K, 10 young (10240K), 10 survivors (10240K)
 Metaspace       used 126169K, committed 126976K, reserved 1163264K
  class space    used 16112K, committed 16512K, reserved 1048576K
}
Event: 519.103 GC heap before
{Heap before GC invocations=65 (full 0):
 garbage-first heap   total 344064K, used 168349K [0x0000000080000000, 0x0000000100000000)
  region size 1024K, 24 young (24576K), 10 survivors (10240K)
 Metaspace       used 126247K, committed 127168K, reserved 1163264K
  class space    used 16113K, committed 16576K, reserved 1048576K
}
Event: 519.121 GC heap after
{Heap after GC invocations=66 (full 0):
 garbage-first heap   total 344064K, used 149663K [0x0000000080000000, 0x0000000100000000)
  region size 1024K, 2 young (2048K), 2 survivors (2048K)
 Metaspace       used 126247K, committed 127168K, reserved 1163264K
  class space    used 16113K, committed 16576K, reserved 1048576K
}
Event: 2234.403 GC heap before
{Heap before GC invocations=67 (full 0):
 garbage-first heap   total 352256K, used 350367K [0x0000000080000000, 0x0000000100000000)
  region size 1024K, 105 young (107520K), 2 survivors (2048K)
 Metaspace       used 129220K, committed 130176K, reserved 1163264K
  class space    used 16514K, committed 16960K, reserved 1048576K
}
Event: 2235.096 GC heap after
{Heap after GC invocations=68 (full 0):
 garbage-first heap   total 366592K, used 201102K [0x0000000080000000, 0x0000000100000000)
  region size 1024K, 14 young (14336K), 14 survivors (14336K)
 Metaspace       used 129220K, committed 130176K, reserved 1163264K
  class space    used 16514K, committed 16960K, reserved 1048576K
}
Event: 2236.258 GC heap before
{Heap before GC invocations=68 (full 0):
 garbage-first heap   total 366592K, used 214414K [0x0000000080000000, 0x0000000100000000)
  region size 1024K, 17 young (17408K), 14 survivors (14336K)
 Metaspace       used 129359K, committed 130368K, reserved 1163264K
  class space    used 16537K, committed 17024K, reserved 1048576K
}
Event: 2238.729 GC heap after
{Heap after GC invocations=69 (full 0):
 garbage-first heap   total 366592K, used 199958K [0x0000000080000000, 0x0000000100000000)
  region size 1024K, 3 young (3072K), 3 survivors (3072K)
 Metaspace       used 129359K, committed 130368K, reserved 1163264K
  class space    used 16537K, committed 17024K, reserved 1048576K
}

