# JRE version: OpenJDK Runtime Environment Corretto-16.0.2.7.1 (16.0.2+7) (build 16.0.2+7)
# Java VM: OpenJDK 64-Bit Server VM Corretto-16.0.2.7.1 (16.0.2+7, mixed mode, sharing, tiered, compressed oops, compressed class ptrs, g1 gc, windows-amd64)
GC Precious Log:
 CPUs: 4 total, 4 available
 Memory: 11537M
 Large Page Support: Disabled
 NUMA Support: Disabled
 Compressed Oops: Enabled (32-bit)
 Heap Region Size: 1M
 Heap Min Capacity: 8M
 Heap Initial Capacity: 182M
 Heap Max Capacity: 2G
 Pre-touch: Disabled
 Parallel Workers: 4
 Concurrent Workers: 1
 Concurrent Refinement Workers: 4
 Periodic GC: Disabled
Heap:
 garbage-first heap   total 186368K, used 122271K [0x0000000080000000, 0x0000000100000000)
  region size 1024K, 36 young (36864K), 9 survivors (9216K)
 Metaspace       used 83794K, committed 84416K, reserved 1122304K
  class space    used 10971K, committed 11264K, reserved 1048576K
GC Heap History (20 events):
Event: 45.692 GC heap before
{Heap before GC invocations=32 (full 0):
 garbage-first heap   total 130048K, used 86411K [0x0000000080000000, 0x0000000100000000)
  region size 1024K, 26 young (26624K), 4 survivors (4096K)
 Metaspace       used 63525K, committed 64064K, reserved 1105920K
  class space    used 8310K, committed 8576K, reserved 1048576K
}
Event: 45.705 GC heap after
{Heap after GC invocations=33 (full 0):
 garbage-first heap   total 130048K, used 65651K [0x0000000080000000, 0x0000000100000000)
  region size 1024K, 4 young (4096K), 4 survivors (4096K)
 Metaspace       used 63525K, committed 64064K, reserved 1105920K
  class space    used 8310K, committed 8576K, reserved 1048576K
}
Event: 47.484 GC heap before
{Heap before GC invocations=33 (full 0):
 garbage-first heap   total 130048K, used 103539K [0x0000000080000000, 0x0000000100000000)
  region size 1024K, 41 young (41984K), 4 survivors (4096K)
 Metaspace       used 68618K, committed 69184K, reserved 1114112K
  class space    used 9023K, committed 9280K, reserved 1048576K
}
Event: 47.497 GC heap after
{Heap after GC invocations=34 (full 0):
 garbage-first heap   total 130048K, used 68113K [0x0000000080000000, 0x0000000100000000)
  region size 1024K, 5 young (5120K), 5 survivors (5120K)
 Metaspace       used 68618K, committed 69184K, reserved 1114112K
  class space    used 9023K, committed 9280K, reserved 1048576K
}
Event: 48.981 GC heap before
{Heap before GC invocations=35 (full 0):
 garbage-first heap   total 130048K, used 104977K [0x0000000080000000, 0x0000000100000000)
  region size 1024K, 41 young (41984K), 5 survivors (5120K)
 Metaspace       used 71118K, committed 71616K, reserved 1114112K
  class space    used 9345K, committed 9600K, reserved 1048576K
}
Event: 49.011 GC heap after
{Heap after GC invocations=36 (full 0):
 garbage-first heap   total 130048K, used 71207K [0x0000000080000000, 0x0000000100000000)
  region size 1024K, 6 young (6144K), 6 survivors (6144K)
 Metaspace       used 71118K, committed 71616K, reserved 1114112K
  class space    used 9345K, committed 9600K, reserved 1048576K
}
Event: 50.818 GC heap before
{Heap before GC invocations=36 (full 0):
 garbage-first heap   total 130048K, used 106023K [0x0000000080000000, 0x0000000100000000)
  region size 1024K, 40 young (40960K), 6 survivors (6144K)
 Metaspace       used 73550K, committed 74112K, reserved 1114112K
  class space    used 9664K, committed 9920K, reserved 1048576K
}
Event: 50.835 GC heap after
{Heap after GC invocations=37 (full 0):
 garbage-first heap   total 130048K, used 75359K [0x0000000080000000, 0x0000000100000000)
  region size 1024K, 5 young (5120K), 5 survivors (5120K)
 Metaspace       used 73550K, committed 74112K, reserved 1114112K
  class space    used 9664K, committed 9920K, reserved 1048576K
}
Event: 51.744 GC heap before
{Heap before GC invocations=38 (full 0):
 garbage-first heap   total 140288K, used 103007K [0x0000000080000000, 0x0000000100000000)
  region size 1024K, 33 young (33792K), 5 survivors (5120K)
 Metaspace       used 74447K, committed 75008K, reserved 1114112K
  class space    used 9805K, committed 10048K, reserved 1048576K
}
Event: 51.756 GC heap after
{Heap after GC invocations=39 (full 0):
 garbage-first heap   total 140288K, used 78347K [0x0000000080000000, 0x0000000100000000)
  region size 1024K, 4 young (4096K), 4 survivors (4096K)
 Metaspace       used 74447K, committed 75008K, reserved 1114112K
  class space    used 9805K, committed 10048K, reserved 1048576K
}
Event: 52.779 GC heap before
{Heap before GC invocations=39 (full 0):
 garbage-first heap   total 140288K, used 113163K [0x0000000080000000, 0x0000000100000000)
  region size 1024K, 39 young (39936K), 4 survivors (4096K)
 Metaspace       used 74659K, committed 75328K, reserved 1122304K
  class space    used 9806K, committed 10112K, reserved 1048576K
}
Event: 52.789 GC heap after
{Heap after GC invocations=40 (full 0):
 garbage-first heap   total 186368K, used 80309K [0x0000000080000000, 0x0000000100000000)
  region size 1024K, 3 young (3072K), 3 survivors (3072K)
 Metaspace       used 74659K, committed 75328K, reserved 1122304K
  class space    used 9806K, committed 10112K, reserved 1048576K
}
Event: 54.846 GC heap before
{Heap before GC invocations=41 (full 0):
 garbage-first heap   total 186368K, used 147893K [0x0000000080000000, 0x0000000100000000)
  region size 1024K, 70 young (71680K), 3 survivors (3072K)
 Metaspace       used 75181K, committed 75776K, reserved 1122304K
  class space    used 9827K, committed 10112K, reserved 1048576K
}
Event: 54.859 GC heap after
{Heap after GC invocations=42 (full 0):
 garbage-first heap   total 186368K, used 84108K [0x0000000080000000, 0x0000000100000000)
  region size 1024K, 6 young (6144K), 6 survivors (6144K)
 Metaspace       used 75181K, committed 75776K, reserved 1122304K
  class space    used 9827K, committed 10112K, reserved 1048576K
}
Event: 56.369 GC heap before
{Heap before GC invocations=42 (full 0):
 garbage-first heap   total 186368K, used 149644K [0x0000000080000000, 0x0000000100000000)
  region size 1024K, 71 young (72704K), 6 survivors (6144K)
 Metaspace       used 75418K, committed 76032K, reserved 1122304K
  class space    used 9857K, committed 10112K, reserved 1048576K
}
Event: 56.384 GC heap after
{Heap after GC invocations=43 (full 0):
 garbage-first heap   total 186368K, used 88120K [0x0000000080000000, 0x0000000100000000)
  region size 1024K, 8 young (8192K), 8 survivors (8192K)
 Metaspace       used 75418K, committed 76032K, reserved 1122304K
  class space    used 9857K, committed 10112K, reserved 1048576K
}
Event: 58.238 GC heap before
{Heap before GC invocations=43 (full 0):
 garbage-first heap   total 186368K, used 151608K [0x0000000080000000, 0x0000000100000000)
  region size 1024K, 71 young (72704K), 8 survivors (8192K)
 Metaspace       used 76667K, committed 77248K, reserved 1122304K
  class space    used 10043K, committed 10304K, reserved 1048576K
}
Event: 58.262 GC heap after
{Heap after GC invocations=44 (full 0):
 garbage-first heap   total 186368K, used 91078K [0x0000000080000000, 0x0000000100000000)
  region size 1024K, 7 young (7168K), 7 survivors (7168K)
 Metaspace       used 76667K, committed 77248K, reserved 1122304K
  class space    used 10043K, committed 10304K, reserved 1048576K
}
Event: 63.183 GC heap before
{Heap before GC invocations=44 (full 0):
 garbage-first heap   total 186368K, used 152518K [0x0000000080000000, 0x0000000100000000)
  region size 1024K, 68 young (69632K), 7 survivors (7168K)
 Metaspace       used 83252K, committed 83904K, reserved 1122304K
  class space    used 10885K, committed 11200K, reserved 1048576K
}
Event: 63.211 GC heap after
{Heap after GC invocations=45 (full 0):
 garbage-first heap   total 186368K, used 96671K [0x0000000080000000, 0x0000000100000000)
  region size 1024K, 9 young (9216K), 9 survivors (9216K)
 Metaspace       used 83252K, committed 83904K, reserved 1122304K
  class space    used 10885K, committed 11200K, reserved 1048576K
}

