# JRE version: OpenJDK Runtime Environment Corretto-16.0.2.7.1 (16.0.2+7) (build 16.0.2+7)
# Java VM: OpenJDK 64-Bit Server VM Corretto-16.0.2.7.1 (16.0.2+7, mixed mode, sharing, tiered, compressed oops, compressed class ptrs, g1 gc, windows-amd64)
GC Precious Log:
 CPUs: 4 total, 4 available
 Memory: 11537M
 Large Page Support: Disabled
 NUMA Support: Disabled
 Compressed Oops: Enabled (32-bit)
 Heap Region Size: 1M
 Heap Min Capacity: 8M
 Heap Initial Capacity: 182M
 Heap Max Capacity: 2G
 Pre-touch: Disabled
 Parallel Workers: 4
 Concurrent Workers: 1
 Concurrent Refinement Workers: 4
 Periodic GC: Disabled
Heap:
 garbage-first heap   total 187392K, used 104994K [0x0000000080000000, 0x0000000100000000)
  region size 1024K, 18 young (18432K), 8 survivors (8192K)
 Metaspace       used 83367K, committed 84032K, reserved 1122304K
  class space    used 10913K, committed 11264K, reserved 1048576K
GC Heap History (20 events):
Event: 31.285 GC heap before
{Heap before GC invocations=34 (full 0):
 garbage-first heap   total 126976K, used 98162K [0x0000000080000000, 0x0000000100000000)
  region size 1024K, 34 young (34816K), 5 survivors (5120K)
 Metaspace       used 68351K, committed 68928K, reserved 1114112K
  class space    used 9029K, committed 9280K, reserved 1048576K
}
Event: 31.303 GC heap after
{Heap after GC invocations=35 (full 0):
 garbage-first heap   total 126976K, used 70823K [0x0000000080000000, 0x0000000100000000)
  region size 1024K, 5 young (5120K), 5 survivors (5120K)
 Metaspace       used 68351K, committed 68928K, reserved 1114112K
  class space    used 9029K, committed 9280K, reserved 1048576K
}
Event: 32.546 GC heap before
{Heap before GC invocations=35 (full 0):
 garbage-first heap   total 126976K, used 103591K [0x0000000080000000, 0x0000000100000000)
  region size 1024K, 37 young (37888K), 5 survivors (5120K)
 Metaspace       used 71703K, committed 72320K, reserved 1114112K
  class space    used 9438K, committed 9728K, reserved 1048576K
}
Event: 32.561 GC heap after
{Heap after GC invocations=36 (full 0):
 garbage-first heap   total 126976K, used 73745K [0x0000000080000000, 0x0000000100000000)
  region size 1024K, 5 young (5120K), 5 survivors (5120K)
 Metaspace       used 71703K, committed 72320K, reserved 1114112K
  class space    used 9438K, committed 9728K, reserved 1048576K
}
Event: 35.293 GC heap before
{Heap before GC invocations=37 (full 0):
 garbage-first heap   total 128000K, used 103441K [0x0000000080000000, 0x0000000100000000)
  region size 1024K, 34 young (34816K), 5 survivors (5120K)
 Metaspace       used 73688K, committed 74304K, reserved 1114112K
  class space    used 9680K, committed 9984K, reserved 1048576K
}
Event: 35.313 GC heap after
{Heap after GC invocations=38 (full 0):
 garbage-first heap   total 128000K, used 77296K [0x0000000080000000, 0x0000000100000000)
  region size 1024K, 4 young (4096K), 4 survivors (4096K)
 Metaspace       used 73688K, committed 74304K, reserved 1114112K
  class space    used 9680K, committed 9984K, reserved 1048576K
}
Event: 36.350 GC heap before
{Heap before GC invocations=38 (full 0):
 garbage-first heap   total 128000K, used 103920K [0x0000000080000000, 0x0000000100000000)
  region size 1024K, 31 young (31744K), 4 survivors (4096K)
 Metaspace       used 74454K, committed 75072K, reserved 1114112K
  class space    used 9811K, committed 10112K, reserved 1048576K
}
Event: 36.362 GC heap after
{Heap after GC invocations=39 (full 0):
 garbage-first heap   total 128000K, used 79821K [0x0000000080000000, 0x0000000100000000)
  region size 1024K, 3 young (3072K), 3 survivors (3072K)
 Metaspace       used 74454K, committed 75072K, reserved 1114112K
  class space    used 9811K, committed 10112K, reserved 1048576K
}
Event: 37.648 GC heap before
{Heap before GC invocations=40 (full 0):
 garbage-first heap   total 142336K, used 104397K [0x0000000080000000, 0x0000000100000000)
  region size 1024K, 28 young (28672K), 3 survivors (3072K)
 Metaspace       used 74642K, committed 75264K, reserved 1114112K
  class space    used 9813K, committed 10112K, reserved 1048576K
}
Event: 37.655 GC heap after
{Heap after GC invocations=41 (full 0):
 garbage-first heap   total 142336K, used 81403K [0x0000000080000000, 0x0000000100000000)
  region size 1024K, 2 young (2048K), 2 survivors (2048K)
 Metaspace       used 74642K, committed 75264K, reserved 1114112K
  class space    used 9813K, committed 10112K, reserved 1048576K
}
Event: 38.817 GC heap before
{Heap before GC invocations=41 (full 0):
 garbage-first heap   total 142336K, used 115195K [0x0000000080000000, 0x0000000100000000)
  region size 1024K, 36 young (36864K), 2 survivors (2048K)
 Metaspace       used 74897K, committed 75520K, reserved 1122304K
  class space    used 9820K, committed 10112K, reserved 1048576K
}
Event: 38.825 GC heap after
{Heap after GC invocations=42 (full 0):
 garbage-first heap   total 142336K, used 83133K [0x0000000080000000, 0x0000000100000000)
  region size 1024K, 4 young (4096K), 4 survivors (4096K)
 Metaspace       used 74897K, committed 75520K, reserved 1122304K
  class space    used 9820K, committed 10112K, reserved 1048576K
}
Event: 40.482 GC heap before
{Heap before GC invocations=43 (full 0):
 garbage-first heap   total 155648K, used 115901K [0x0000000080000000, 0x0000000100000000)
  region size 1024K, 37 young (37888K), 4 survivors (4096K)
 Metaspace       used 75185K, committed 75712K, reserved 1122304K
  class space    used 9832K, committed 10112K, reserved 1048576K
}
Event: 40.498 GC heap after
{Heap after GC invocations=44 (full 0):
 garbage-first heap   total 187392K, used 85197K [0x0000000080000000, 0x0000000100000000)
  region size 1024K, 4 young (4096K), 4 survivors (4096K)
 Metaspace       used 75185K, committed 75712K, reserved 1122304K
  class space    used 9832K, committed 10112K, reserved 1048576K
}
Event: 43.178 GC heap before
{Heap before GC invocations=44 (full 0):
 garbage-first heap   total 187392K, used 148685K [0x0000000080000000, 0x0000000100000000)
  region size 1024K, 67 young (68608K), 4 survivors (4096K)
 Metaspace       used 75415K, committed 76032K, reserved 1122304K
  class space    used 9866K, committed 10176K, reserved 1048576K
}
Event: 43.193 GC heap after
{Heap after GC invocations=45 (full 0):
 garbage-first heap   total 187392K, used 89198K [0x0000000080000000, 0x0000000100000000)
  region size 1024K, 8 young (8192K), 8 survivors (8192K)
 Metaspace       used 75415K, committed 76032K, reserved 1122304K
  class space    used 9866K, committed 10176K, reserved 1048576K
}
Event: 45.119 GC heap before
{Heap before GC invocations=45 (full 0):
 garbage-first heap   total 187392K, used 150638K [0x0000000080000000, 0x0000000100000000)
  region size 1024K, 69 young (70656K), 8 survivors (8192K)
 Metaspace       used 75998K, committed 76608K, reserved 1122304K
  class space    used 9953K, committed 10240K, reserved 1048576K
}
Event: 45.135 GC heap after
{Heap after GC invocations=46 (full 0):
 garbage-first heap   total 187392K, used 92790K [0x0000000080000000, 0x0000000100000000)
  region size 1024K, 8 young (8192K), 8 survivors (8192K)
 Metaspace       used 75998K, committed 76608K, reserved 1122304K
  class space    used 9953K, committed 10240K, reserved 1048576K
}
Event: 48.786 GC heap before
{Heap before GC invocations=46 (full 0):
 garbage-first heap   total 187392K, used 153206K [0x0000000080000000, 0x0000000100000000)
  region size 1024K, 67 young (68608K), 8 survivors (8192K)
 Metaspace       used 81758K, committed 82368K, reserved 1122304K
  class space    used 10683K, committed 10944K, reserved 1048576K
}
Event: 48.804 GC heap after
{Heap after GC invocations=47 (full 0):
 garbage-first heap   total 187392K, used 96802K [0x0000000080000000, 0x0000000100000000)
  region size 1024K, 8 young (8192K), 8 survivors (8192K)
 Metaspace       used 81758K, committed 82368K, reserved 1122304K
  class space    used 10683K, committed 10944K, reserved 1048576K
}

