# JRE version: OpenJDK Runtime Environment Corretto-16.0.2.7.1 (16.0.2+7) (build 16.0.2+7)
# Java VM: OpenJDK 64-Bit Server VM Corretto-16.0.2.7.1 (16.0.2+7, mixed mode, sharing, tiered, compressed oops, compressed class ptrs, g1 gc, windows-amd64)
GC Precious Log:
 CPUs: 4 total, 4 available
 Memory: 11537M
 Large Page Support: Disabled
 NUMA Support: Disabled
 Compressed Oops: Enabled (32-bit)
 Heap Region Size: 1M
 Heap Min Capacity: 8M
 Heap Initial Capacity: 182M
 Heap Max Capacity: 2G
 Pre-touch: Disabled
 Parallel Workers: 4
 Concurrent Workers: 1
 Concurrent Refinement Workers: 4
 Periodic GC: Disabled
Heap:
 garbage-first heap   total 316416K, used 197766K [0x0000000080000000, 0x0000000100000000)
  region size 1024K, 28 young (28672K), 2 survivors (2048K)
 Metaspace       used 104879K, committed 105728K, reserved 1146880K
  class space    used 13452K, committed 13952K, reserved 1048576K
GC Heap History (20 events):
Event: 36.202 GC heap before
{Heap before GC invocations=42 (full 0):
 garbage-first heap   total 254976K, used 197274K [0x0000000080000000, 0x0000000100000000)
  region size 1024K, 54 young (55296K), 6 survivors (6144K)
 Metaspace       used 85961K, committed 86656K, reserved 1130496K
  class space    used 11212K, committed 11520K, reserved 1048576K
}
Event: 36.221 GC heap after
{Heap after GC invocations=43 (full 0):
 garbage-first heap   total 254976K, used 151175K [0x0000000080000000, 0x0000000100000000)
  region size 1024K, 7 young (7168K), 7 survivors (7168K)
 Metaspace       used 85961K, committed 86656K, reserved 1130496K
  class space    used 11212K, committed 11520K, reserved 1048576K
}
Event: 38.368 GC heap before
{Heap before GC invocations=43 (full 0):
 garbage-first heap   total 254976K, used 199303K [0x0000000080000000, 0x0000000100000000)
  region size 1024K, 55 young (56320K), 7 survivors (7168K)
 Metaspace       used 87387K, committed 88064K, reserved 1130496K
  class space    used 11425K, committed 11712K, reserved 1048576K
}
Event: 38.391 GC heap after
{Heap after GC invocations=44 (full 0):
 garbage-first heap   total 254976K, used 154499K [0x0000000080000000, 0x0000000100000000)
  region size 1024K, 5 young (5120K), 5 survivors (5120K)
 Metaspace       used 87387K, committed 88064K, reserved 1130496K
  class space    used 11425K, committed 11712K, reserved 1048576K
}
Event: 40.952 GC heap before
{Heap before GC invocations=45 (full 0):
 garbage-first heap   total 265216K, used 202627K [0x0000000080000000, 0x0000000100000000)
  region size 1024K, 53 young (54272K), 5 survivors (5120K)
 Metaspace       used 87671K, committed 88384K, reserved 1130496K
  class space    used 11430K, committed 11712K, reserved 1048576K
}
Event: 40.964 GC heap after
{Heap after GC invocations=46 (full 0):
 garbage-first heap   total 265216K, used 157260K [0x0000000080000000, 0x0000000100000000)
  region size 1024K, 3 young (3072K), 3 survivors (3072K)
 Metaspace       used 87671K, committed 88384K, reserved 1130496K
  class space    used 11430K, committed 11712K, reserved 1048576K
}
Event: 42.803 GC heap before
{Heap before GC invocations=46 (full 0):
 garbage-first heap   total 265216K, used 211532K [0x0000000080000000, 0x0000000100000000)
  region size 1024K, 57 young (58368K), 3 survivors (3072K)
 Metaspace       used 88248K, committed 88960K, reserved 1130496K
  class space    used 11470K, committed 11776K, reserved 1048576K
}
Event: 42.817 GC heap after
{Heap after GC invocations=47 (full 0):
 garbage-first heap   total 265216K, used 160282K [0x0000000080000000, 0x0000000100000000)
  region size 1024K, 6 young (6144K), 6 survivors (6144K)
 Metaspace       used 88248K, committed 88960K, reserved 1130496K
  class space    used 11470K, committed 11776K, reserved 1048576K
}
Event: 49.434 GC heap before
{Heap before GC invocations=48 (full 0):
 garbage-first heap   total 278528K, used 215578K [0x0000000080000000, 0x0000000100000000)
  region size 1024K, 61 young (62464K), 6 survivors (6144K)
 Metaspace       used 95184K, committed 95872K, reserved 1138688K
  class space    used 12306K, committed 12672K, reserved 1048576K
}
Event: 49.452 GC heap after
{Heap after GC invocations=49 (full 0):
 garbage-first heap   total 278528K, used 164585K [0x0000000080000000, 0x0000000100000000)
  region size 1024K, 8 young (8192K), 8 survivors (8192K)
 Metaspace       used 95184K, committed 95872K, reserved 1138688K
  class space    used 12306K, committed 12672K, reserved 1048576K
}
Event: 51.966 GC heap before
{Heap before GC invocations=49 (full 0):
 garbage-first heap   total 278528K, used 226025K [0x0000000080000000, 0x0000000100000000)
  region size 1024K, 68 young (69632K), 8 survivors (8192K)
 Metaspace       used 101321K, committed 102016K, reserved 1138688K
  class space    used 13150K, committed 13504K, reserved 1048576K
}
Event: 51.988 GC heap after
{Heap after GC invocations=50 (full 0):
 garbage-first heap   total 278528K, used 168175K [0x0000000080000000, 0x0000000100000000)
  region size 1024K, 8 young (8192K), 8 survivors (8192K)
 Metaspace       used 101321K, committed 102016K, reserved 1138688K
  class space    used 13150K, committed 13504K, reserved 1048576K
}
Event: 54.634 GC heap before
{Heap before GC invocations=51 (full 0):
 garbage-first heap   total 288768K, used 228591K [0x0000000080000000, 0x0000000100000000)
  region size 1024K, 67 young (68608K), 8 survivors (8192K)
 Metaspace       used 103586K, committed 104320K, reserved 1146880K
  class space    used 13394K, committed 13760K, reserved 1048576K
}
Event: 54.654 GC heap after
{Heap after GC invocations=52 (full 0):
 garbage-first heap   total 288768K, used 173442K [0x0000000080000000, 0x0000000100000000)
  region size 1024K, 9 young (9216K), 9 survivors (9216K)
 Metaspace       used 103586K, committed 104320K, reserved 1146880K
  class space    used 13394K, committed 13760K, reserved 1048576K
}
Event: 3619.033 GC heap before
{Heap before GC invocations=52 (full 0):
 garbage-first heap   total 288768K, used 238978K [0x0000000080000000, 0x0000000100000000)
  region size 1024K, 73 young (74752K), 9 survivors (9216K)
 Metaspace       used 104776K, committed 105664K, reserved 1146880K
  class space    used 13515K, committed 13952K, reserved 1048576K
}
Event: 3619.725 GC heap after
{Heap after GC invocations=53 (full 0):
 garbage-first heap   total 288768K, used 174581K [0x0000000080000000, 0x0000000100000000)
  region size 1024K, 7 young (7168K), 7 survivors (7168K)
 Metaspace       used 104776K, committed 105664K, reserved 1146880K
  class space    used 13515K, committed 13952K, reserved 1048576K
}
Event: 4584.195 GC heap before
{Heap before GC invocations=54 (full 0):
 garbage-first heap   total 316416K, used 226805K [0x0000000080000000, 0x0000000100000000)
  region size 1024K, 58 young (59392K), 7 survivors (7168K)
 Metaspace       used 104308K, committed 105664K, reserved 1146880K
  class space    used 13392K, committed 13952K, reserved 1048576K
}
Event: 4584.562 GC heap after
{Heap after GC invocations=55 (full 0):
 garbage-first heap   total 316416K, used 174925K [0x0000000080000000, 0x0000000100000000)
  region size 1024K, 2 young (2048K), 2 survivors (2048K)
 Metaspace       used 104308K, committed 105664K, reserved 1146880K
  class space    used 13392K, committed 13952K, reserved 1048576K
}
Event: 4587.122 GC heap before
{Heap before GC invocations=55 (full 0):
 garbage-first heap   total 316416K, used 187213K [0x0000000080000000, 0x0000000100000000)
  region size 1024K, 15 young (15360K), 2 survivors (2048K)
 Metaspace       used 104453K, committed 105728K, reserved 1146880K
  class space    used 13415K, committed 13952K, reserved 1048576K
}
Event: 4587.303 GC heap after
{Heap after GC invocations=56 (full 0):
 garbage-first heap   total 316416K, used 172166K [0x0000000080000000, 0x0000000100000000)
  region size 1024K, 2 young (2048K), 2 survivors (2048K)
 Metaspace       used 104453K, committed 105728K, reserved 1146880K
  class space    used 13415K, committed 13952K, reserved 1048576K
}

